# JRE version: OpenJDK Runtime Environment (8.0_212-b04) (build 1.8.0_212-b04)
# Java VM: OpenJDK 64-Bit Server VM (25.212-b04 mixed mode windows-amd64 compressed oops)
Heap:
 PSYoungGen      total 60416K, used 27076K [0x00000000d6900000, 0x00000000dea80000, 0x0000000100000000)
  eden space 59904K, 44% used [0x00000000d6900000,0x00000000d831c338,0x00000000da380000)
  from space 512K, 66% used [0x00000000dea00000,0x00000000dea55000,0x00000000dea80000)
  to   space 13312K, 0% used [0x00000000dd080000,0x00000000dd080000,0x00000000ddd80000)
 ParOldGen       total 86016K, used 26062K [0x0000000083a00000, 0x0000000088e00000, 0x00000000d6900000)
  object space 86016K, 30% used [0x0000000083a00000,0x0000000085373b20,0x0000000088e00000)
 Metaspace       used 24994K, capacity 25445K, committed 25728K, reserved 1073152K
  class space    used 2747K, capacity 2882K, committed 2944K, reserved 1048576K
GC Heap History (10 events):
Event: 5.517 GC heap before
{Heap before GC invocations=8 (full 2):
 PSYoungGen      total 37888K, used 37862K [0x00000000d6900000, 0x00000000db300000, 0x0000000100000000)
  eden space 32768K, 100% used [0x00000000d6900000,0x00000000d8900000,0x00000000d8900000)
  from space 5120K, 99% used [0x00000000d8900000,0x00000000d8df99f0,0x00000000d8e00000)
  to   space 5120K, 0% used [0x00000000dae00000,0x00000000dae00000,0x00000000db300000)
 ParOldGen       total 86016K, used 17426K [0x0000000083a00000, 0x0000000088e00000, 0x00000000d6900000)
  object space 86016K, 20% used [0x0000000083a00000,0x0000000084b04b68,0x0000000088e00000)
 Metaspace       used 24655K, capacity 25081K, committed 25216K, reserved 1071104K
  class space    used 2742K, capacity 2848K, committed 2944K, reserved 1048576K
Event: 5.525 GC heap after
Heap after GC invocations=8 (full 2):
 PSYoungGen      total 70656K, used 5102K [0x00000000d6900000, 0x00000000db300000, 0x0000000100000000)
  eden space 65536K, 0% used [0x00000000d6900000,0x00000000d6900000,0x00000000da900000)
  from space 5120K, 99% used [0x00000000dae00000,0x00000000db2fb978,0x00000000db300000)
  to   space 5120K, 0% used [0x00000000da900000,0x00000000da900000,0x00000000dae00000)
 ParOldGen       total 86016K, used 20847K [0x0000000083a00000, 0x0000000088e00000, 0x00000000d6900000)
  object space 86016K, 24% used [0x0000000083a00000,0x0000000084e5bdf8,0x0000000088e00000)
 Metaspace       used 24655K, capacity 25081K, committed 25216K, reserved 1071104K
  class space    used 2742K, capacity 2848K, committed 2944K, reserved 1048576K
}
Event: 8.608 GC heap before
{Heap before GC invocations=9 (full 2):
 PSYoungGen      total 70656K, used 70638K [0x00000000d6900000, 0x00000000db300000, 0x0000000100000000)
  eden space 65536K, 100% used [0x00000000d6900000,0x00000000da900000,0x00000000da900000)
  from space 5120K, 99% used [0x00000000dae00000,0x00000000db2fb978,0x00000000db300000)
  to   space 5120K, 0% used [0x00000000da900000,0x00000000da900000,0x00000000dae00000)
 ParOldGen       total 86016K, used 20847K [0x0000000083a00000, 0x0000000088e00000, 0x00000000d6900000)
  object space 86016K, 24% used [0x0000000083a00000,0x0000000084e5bdf8,0x0000000088e00000)
 Metaspace       used 24830K, capacity 25241K, committed 25472K, reserved 1071104K
  class space    used 2746K, capacity 2880K, committed 2944K, reserved 1048576K
Event: 8.613 GC heap after
Heap after GC invocations=9 (full 2):
 PSYoungGen      total 70656K, used 5107K [0x00000000d6900000, 0x00000000e0300000, 0x0000000100000000)
  eden space 65536K, 0% used [0x00000000d6900000,0x00000000d6900000,0x00000000da900000)
  from space 5120K, 99% used [0x00000000da900000,0x00000000dadfcf20,0x00000000dae00000)
  to   space 13312K, 0% used [0x00000000df600000,0x00000000df600000,0x00000000e0300000)
 ParOldGen       total 86016K, used 21100K [0x0000000083a00000, 0x0000000088e00000, 0x00000000d6900000)
  object space 86016K, 24% used [0x0000000083a00000,0x0000000084e9b200,0x0000000088e00000)
 Metaspace       used 24830K, capacity 25241K, committed 25472K, reserved 1071104K
  class space    used 2746K, capacity 2880K, committed 2944K, reserved 1048576K
}
Event: 13.710 GC heap before
{Heap before GC invocations=10 (full 2):
 PSYoungGen      total 70656K, used 70643K [0x00000000d6900000, 0x00000000e0300000, 0x0000000100000000)
  eden space 65536K, 100% used [0x00000000d6900000,0x00000000da900000,0x00000000da900000)
  from space 5120K, 99% used [0x00000000da900000,0x00000000dadfcf20,0x00000000dae00000)
  to   space 13312K, 0% used [0x00000000df600000,0x00000000df600000,0x00000000e0300000)
 ParOldGen       total 86016K, used 21100K [0x0000000083a00000, 0x0000000088e00000, 0x00000000d6900000)
  object space 86016K, 24% used [0x0000000083a00000,0x0000000084e9b200,0x0000000088e00000)
 Metaspace       used 24884K, capacity 25305K, committed 25472K, reserved 1071104K
  class space    used 2746K, capacity 2880K, committed 2944K, reserved 1048576K
Event: 13.714 GC heap after
Heap after GC invocations=10 (full 2):
 PSYoungGen      total 69120K, used 5210K [0x00000000d6900000, 0x00000000dfb80000, 0x0000000100000000)
  eden space 63488K, 0% used [0x00000000d6900000,0x00000000d6900000,0x00000000da700000)
  from space 5632K, 92% used [0x00000000df600000,0x00000000dfb168c8,0x00000000dfb80000)
  to   space 12800K, 0% used [0x00000000de280000,0x00000000de280000,0x00000000def00000)
 ParOldGen       total 86016K, used 21108K [0x0000000083a00000, 0x0000000088e00000, 0x00000000d6900000)
  object space 86016K, 24% used [0x0000000083a00000,0x0000000084e9d200,0x0000000088e00000)
 Metaspace       used 24884K, capacity 25305K, committed 25472K, reserved 1071104K
  class space    used 2746K, capacity 2880K, committed 2944K, reserved 1048576K
}
Event: 18.708 GC heap before
{Heap before GC invocations=11 (full 2):
 PSYoungGen      total 69120K, used 68698K [0x00000000d6900000, 0x00000000dfb80000, 0x0000000100000000)
  eden space 63488K, 100% used [0x00000000d6900000,0x00000000da700000,0x00000000da700000)
  from space 5632K, 92% used [0x00000000df600000,0x00000000dfb168c8,0x00000000dfb80000)
  to   space 12800K, 0% used [0x00000000de280000,0x00000000de280000,0x00000000def00000)
 ParOldGen       total 86016K, used 21108K [0x0000000083a00000, 0x0000000088e00000, 0x00000000d6900000)
  object space 86016K, 24% used [0x0000000083a00000,0x0000000084e9d200,0x0000000088e00000)
 Metaspace       used 24936K, capacity 25369K, committed 25472K, reserved 1071104K
  class space    used 2746K, capacity 2880K, committed 2944K, reserved 1048576K
Event: 18.714 GC heap after
Heap after GC invocations=11 (full 2):
 PSYoungGen      total 64512K, used 2740K [0x00000000d6900000, 0x00000000df680000, 0x0000000100000000)
  eden space 61440K, 0% used [0x00000000d6900000,0x00000000d6900000,0x00000000da500000)
  from space 3072K, 89% used [0x00000000de280000,0x00000000de52d248,0x00000000de580000)
  to   space 12800K, 0% used [0x00000000dea00000,0x00000000dea00000,0x00000000df680000)
 ParOldGen       total 86016K, used 23598K [0x0000000083a00000, 0x0000000088e00000, 0x00000000d6900000)
  object space 86016K, 27% used [0x0000000083a00000,0x000000008510bbd0,0x0000000088e00000)
 Metaspace       used 24936K, capacity 25369K, committed 25472K, reserved 1071104K
  class space    used 2746K, capacity 2880K, committed 2944K, reserved 1048576K
}
Event: 23.560 GC heap before
{Heap before GC invocations=12 (full 2):
 PSYoungGen      total 64512K, used 64180K [0x00000000d6900000, 0x00000000df680000, 0x0000000100000000)
  eden space 61440K, 100% used [0x00000000d6900000,0x00000000da500000,0x00000000da500000)
  from space 3072K, 89% used [0x00000000de280000,0x00000000de52d248,0x00000000de580000)
  to   space 12800K, 0% used [0x00000000dea00000,0x00000000dea00000,0x00000000df680000)
 ParOldGen       total 86016K, used 23598K [0x0000000083a00000, 0x0000000088e00000, 0x00000000d6900000)
  object space 86016K, 27% used [0x0000000083a00000,0x000000008510bbd0,0x0000000088e00000)
 Metaspace       used 24984K, capacity 25439K, committed 25728K, reserved 1073152K
  class space    used 2746K, capacity 2881K, committed 2944K, reserved 1048576K
Event: 23.564 GC heap after
Heap after GC invocations=12 (full 2):
 PSYoungGen      total 60416K, used 340K [0x00000000d6900000, 0x00000000dea80000, 0x0000000100000000)
  eden space 59904K, 0% used [0x00000000d6900000,0x00000000d6900000,0x00000000da380000)
  from space 512K, 66% used [0x00000000dea00000,0x00000000dea55000,0x00000000dea80000)
  to   space 13312K, 0% used [0x00000000dd080000,0x00000000dd080000,0x00000000ddd80000)
 ParOldGen       total 86016K, used 26062K [0x0000000083a00000, 0x0000000088e00000, 0x00000000d6900000)
  object space 86016K, 30% used [0x0000000083a00000,0x0000000085373b20,0x0000000088e00000)
 Metaspace       used 24984K, capacity 25439K, committed 25728K, reserved 1073152K
  class space    used 2746K, capacity 2881K, committed 2944K, reserved 1048576K
}

