# JRE version: OpenJDK Runtime Environment (8.0_212-b04) (build 1.8.0_212-b04)
# Java VM: OpenJDK 64-Bit Server VM (25.212-b04 mixed mode windows-amd64 compressed oops)
Heap:
 PSYoungGen      total 31232K, used 15870K [0x00000000d6900000, 0x00000000d9b00000, 0x0000000100000000)
  eden space 30720K, 50% used [0x00000000d6900000,0x00000000d7837890,0x00000000d8700000)
  from space 512K, 56% used [0x00000000d9a80000,0x00000000d9ac8000,0x00000000d9b00000)
  to   space 10240K, 0% used [0x00000000d8700000,0x00000000d8700000,0x00000000d9100000)
 ParOldGen       total 86016K, used 17894K [0x0000000083a00000, 0x0000000088e00000, 0x00000000d6900000)
  object space 86016K, 20% used [0x0000000083a00000,0x0000000084b79838,0x0000000088e00000)
 Metaspace       used 24870K, capacity 25281K, committed 25472K, reserved 1071104K
  class space    used 2743K, capacity 2850K, committed 2944K, reserved 1048576K
GC Heap History (10 events):
Event: 10.293 GC heap before
{Heap before GC invocations=8 (full 2):
 PSYoungGen      total 37888K, used 37863K [0x00000000d6900000, 0x00000000db300000, 0x0000000100000000)
  eden space 32768K, 100% used [0x00000000d6900000,0x00000000d8900000,0x00000000d8900000)
  from space 5120K, 99% used [0x00000000d8900000,0x00000000d8df9cb0,0x00000000d8e00000)
  to   space 5120K, 0% used [0x00000000dae00000,0x00000000dae00000,0x00000000db300000)
 ParOldGen       total 86016K, used 11129K [0x0000000083a00000, 0x0000000088e00000, 0x00000000d6900000)
  object space 86016K, 12% used [0x0000000083a00000,0x00000000844de6e0,0x0000000088e00000)
 Metaspace       used 24506K, capacity 24885K, committed 25216K, reserved 1071104K
  class space    used 2737K, capacity 2848K, committed 2944K, reserved 1048576K
Event: 10.300 GC heap after
Heap after GC invocations=8 (full 2):
 PSYoungGen      total 37888K, used 5108K [0x00000000d6900000, 0x00000000db300000, 0x0000000100000000)
  eden space 32768K, 0% used [0x00000000d6900000,0x00000000d6900000,0x00000000d8900000)
  from space 5120K, 99% used [0x00000000dae00000,0x00000000db2fd180,0x00000000db300000)
  to   space 5120K, 0% used [0x00000000d8900000,0x00000000d8900000,0x00000000d8e00000)
 ParOldGen       total 86016K, used 12790K [0x0000000083a00000, 0x0000000088e00000, 0x00000000d6900000)
  object space 86016K, 14% used [0x0000000083a00000,0x000000008467da78,0x0000000088e00000)
 Metaspace       used 24506K, capacity 24885K, committed 25216K, reserved 1071104K
  class space    used 2737K, capacity 2848K, committed 2944K, reserved 1048576K
}
Event: 18.642 GC heap before
{Heap before GC invocations=9 (full 2):
 PSYoungGen      total 37888K, used 37876K [0x00000000d6900000, 0x00000000db300000, 0x0000000100000000)
  eden space 32768K, 100% used [0x00000000d6900000,0x00000000d8900000,0x00000000d8900000)
  from space 5120K, 99% used [0x00000000dae00000,0x00000000db2fd180,0x00000000db300000)
  to   space 5120K, 0% used [0x00000000d8900000,0x00000000d8900000,0x00000000d8e00000)
 ParOldGen       total 86016K, used 12790K [0x0000000083a00000, 0x0000000088e00000, 0x00000000d6900000)
  object space 86016K, 14% used [0x0000000083a00000,0x000000008467da78,0x0000000088e00000)
 Metaspace       used 24639K, capacity 25013K, committed 25216K, reserved 1071104K
  class space    used 2737K, capacity 2848K, committed 2944K, reserved 1048576K
Event: 18.647 GC heap after
Heap after GC invocations=9 (full 2):
 PSYoungGen      total 37376K, used 5104K [0x00000000d6900000, 0x00000000dae80000, 0x0000000100000000)
  eden space 32256K, 0% used [0x00000000d6900000,0x00000000d6900000,0x00000000d8880000)
  from space 5120K, 99% used [0x00000000d8900000,0x00000000d8dfc170,0x00000000d8e00000)
  to   space 10752K, 0% used [0x00000000da400000,0x00000000da400000,0x00000000dae80000)
 ParOldGen       total 86016K, used 12862K [0x0000000083a00000, 0x0000000088e00000, 0x00000000d6900000)
  object space 86016K, 14% used [0x0000000083a00000,0x000000008468fa78,0x0000000088e00000)
 Metaspace       used 24639K, capacity 25013K, committed 25216K, reserved 1071104K
  class space    used 2737K, capacity 2848K, committed 2944K, reserved 1048576K
}
Event: 22.813 GC heap before
{Heap before GC invocations=10 (full 2):
 PSYoungGen      total 37376K, used 37360K [0x00000000d6900000, 0x00000000dae80000, 0x0000000100000000)
  eden space 32256K, 100% used [0x00000000d6900000,0x00000000d8880000,0x00000000d8880000)
  from space 5120K, 99% used [0x00000000d8900000,0x00000000d8dfc170,0x00000000d8e00000)
  to   space 10752K, 0% used [0x00000000da400000,0x00000000da400000,0x00000000dae80000)
 ParOldGen       total 86016K, used 12862K [0x0000000083a00000, 0x0000000088e00000, 0x00000000d6900000)
  object space 86016K, 14% used [0x0000000083a00000,0x000000008468fa78,0x0000000088e00000)
 Metaspace       used 24674K, capacity 25019K, committed 25216K, reserved 1071104K
  class space    used 2737K, capacity 2849K, committed 2944K, reserved 1048576K
Event: 22.818 GC heap after
Heap after GC invocations=10 (full 2):
 PSYoungGen      total 37376K, used 5183K [0x00000000d6900000, 0x00000000da980000, 0x0000000100000000)
  eden space 31744K, 0% used [0x00000000d6900000,0x00000000d6900000,0x00000000d8800000)
  from space 5632K, 92% used [0x00000000da400000,0x00000000da90fca8,0x00000000da980000)
  to   space 10240K, 0% used [0x00000000d9580000,0x00000000d9580000,0x00000000d9f80000)
 ParOldGen       total 86016K, used 12870K [0x0000000083a00000, 0x0000000088e00000, 0x00000000d6900000)
  object space 86016K, 14% used [0x0000000083a00000,0x0000000084691a78,0x0000000088e00000)
 Metaspace       used 24674K, capacity 25019K, committed 25216K, reserved 1071104K
  class space    used 2737K, capacity 2849K, committed 2944K, reserved 1048576K
}
Event: 23.407 GC heap before
{Heap before GC invocations=11 (full 2):
 PSYoungGen      total 37376K, used 36927K [0x00000000d6900000, 0x00000000da980000, 0x0000000100000000)
  eden space 31744K, 100% used [0x00000000d6900000,0x00000000d8800000,0x00000000d8800000)
  from space 5632K, 92% used [0x00000000da400000,0x00000000da90fca8,0x00000000da980000)
  to   space 10240K, 0% used [0x00000000d9580000,0x00000000d9580000,0x00000000d9f80000)
 ParOldGen       total 86016K, used 12870K [0x0000000083a00000, 0x0000000088e00000, 0x00000000d6900000)
  object space 86016K, 14% used [0x0000000083a00000,0x0000000084691a78,0x0000000088e00000)
 Metaspace       used 24767K, capacity 25147K, committed 25472K, reserved 1071104K
  class space    used 2737K, capacity 2849K, committed 2944K, reserved 1048576K
Event: 23.412 GC heap after
Heap after GC invocations=11 (full 2):
 PSYoungGen      total 35328K, used 3641K [0x00000000d6900000, 0x00000000da480000, 0x0000000100000000)
  eden space 31232K, 0% used [0x00000000d6900000,0x00000000d6900000,0x00000000d8780000)
  from space 4096K, 88% used [0x00000000d9580000,0x00000000d990e798,0x00000000d9980000)
  to   space 10240K, 0% used [0x00000000d9a80000,0x00000000d9a80000,0x00000000da480000)
 ParOldGen       total 86016K, used 14446K [0x0000000083a00000, 0x0000000088e00000, 0x00000000d6900000)
  object space 86016K, 16% used [0x0000000083a00000,0x000000008481b9f0,0x0000000088e00000)
 Metaspace       used 24767K, capacity 25147K, committed 25472K, reserved 1071104K
  class space    used 2737K, capacity 2849K, committed 2944K, reserved 1048576K
}
Event: 27.531 GC heap before
{Heap before GC invocations=12 (full 2):
 PSYoungGen      total 35328K, used 34873K [0x00000000d6900000, 0x00000000da480000, 0x0000000100000000)
  eden space 31232K, 100% used [0x00000000d6900000,0x00000000d8780000,0x00000000d8780000)
  from space 4096K, 88% used [0x00000000d9580000,0x00000000d990e798,0x00000000d9980000)
  to   space 10240K, 0% used [0x00000000d9a80000,0x00000000d9a80000,0x00000000da480000)
 ParOldGen       total 86016K, used 14446K [0x0000000083a00000, 0x0000000088e00000, 0x00000000d6900000)
  object space 86016K, 16% used [0x0000000083a00000,0x000000008481b9f0,0x0000000088e00000)
 Metaspace       used 24836K, capacity 25281K, committed 25472K, reserved 1071104K
  class space    used 2738K, capacity 2850K, committed 2944K, reserved 1048576K
Event: 27.536 GC heap after
Heap after GC invocations=12 (full 2):
 PSYoungGen      total 31232K, used 288K [0x00000000d6900000, 0x00000000d9b00000, 0x0000000100000000)
  eden space 30720K, 0% used [0x00000000d6900000,0x00000000d6900000,0x00000000d8700000)
  from space 512K, 56% used [0x00000000d9a80000,0x00000000d9ac8000,0x00000000d9b00000)
  to   space 10240K, 0% used [0x00000000d8700000,0x00000000d8700000,0x00000000d9100000)
 ParOldGen       total 86016K, used 17894K [0x0000000083a00000, 0x0000000088e00000, 0x00000000d6900000)
  object space 86016K, 20% used [0x0000000083a00000,0x0000000084b79838,0x0000000088e00000)
 Metaspace       used 24836K, capacity 25281K, committed 25472K, reserved 1071104K
  class space    used 2738K, capacity 2850K, committed 2944K, reserved 1048576K
}

