# JRE version: OpenJDK Runtime Environment (8.0_212-b04) (build 1.8.0_212-b04)
# Java VM: OpenJDK 64-Bit Server VM (25.212-b04 mixed mode windows-amd64 compressed oops)
Heap:
 PSYoungGen      total 31744K, used 1905K [0x00000000d6900000, 0x00000000d9c00000, 0x0000000100000000)
  eden space 30720K, 3% used [0x00000000d6900000,0x00000000d6a0e990,0x00000000d8700000)
  from space 1024K, 80% used [0x00000000d9b00000,0x00000000d9bcdcd8,0x00000000d9c00000)
  to   space 10752K, 0% used [0x00000000d8700000,0x00000000d8700000,0x00000000d9180000)
 ParOldGen       total 86016K, used 15105K [0x0000000083a00000, 0x0000000088e00000, 0x00000000d6900000)
  object space 86016K, 17% used [0x0000000083a00000,0x00000000848c0518,0x0000000088e00000)
 Metaspace       used 24810K, capacity 25191K, committed 25344K, reserved 1071104K
  class space    used 2706K, capacity 2815K, committed 2816K, reserved 1048576K
GC Heap History (10 events):
Event: 21.395 GC heap before
{Heap before GC invocations=8 (full 2):
 PSYoungGen      total 37888K, used 37864K [0x00000000d6900000, 0x00000000db300000, 0x0000000100000000)
  eden space 32768K, 100% used [0x00000000d6900000,0x00000000d8900000,0x00000000d8900000)
  from space 5120K, 99% used [0x00000000d8900000,0x00000000d8dfa080,0x00000000d8e00000)
  to   space 5120K, 0% used [0x00000000dae00000,0x00000000dae00000,0x00000000db300000)
 ParOldGen       total 86016K, used 9861K [0x0000000083a00000, 0x0000000088e00000, 0x00000000d6900000)
  object space 86016K, 11% used [0x0000000083a00000,0x00000000843a1728,0x0000000088e00000)
 Metaspace       used 24443K, capacity 24835K, committed 25088K, reserved 1071104K
  class space    used 2696K, capacity 2809K, committed 2816K, reserved 1048576K
Event: 21.399 GC heap after
Heap after GC invocations=8 (full 2):
 PSYoungGen      total 37888K, used 5119K [0x00000000d6900000, 0x00000000db300000, 0x0000000100000000)
  eden space 32768K, 0% used [0x00000000d6900000,0x00000000d6900000,0x00000000d8900000)
  from space 5120K, 99% used [0x00000000dae00000,0x00000000db2ffd50,0x00000000db300000)
  to   space 5120K, 0% used [0x00000000d8900000,0x00000000d8900000,0x00000000d8e00000)
 ParOldGen       total 86016K, used 10061K [0x0000000083a00000, 0x0000000088e00000, 0x00000000d6900000)
  object space 86016K, 11% used [0x0000000083a00000,0x00000000843d3640,0x0000000088e00000)
 Metaspace       used 24443K, capacity 24835K, committed 25088K, reserved 1071104K
  class space    used 2696K, capacity 2809K, committed 2816K, reserved 1048576K
}
Event: 44.270 GC heap before
{Heap before GC invocations=9 (full 2):
 PSYoungGen      total 37888K, used 37887K [0x00000000d6900000, 0x00000000db300000, 0x0000000100000000)
  eden space 32768K, 100% used [0x00000000d6900000,0x00000000d8900000,0x00000000d8900000)
  from space 5120K, 99% used [0x00000000dae00000,0x00000000db2ffd50,0x00000000db300000)
  to   space 5120K, 0% used [0x00000000d8900000,0x00000000d8900000,0x00000000d8e00000)
 ParOldGen       total 86016K, used 10061K [0x0000000083a00000, 0x0000000088e00000, 0x00000000d6900000)
  object space 86016K, 11% used [0x0000000083a00000,0x00000000843d3640,0x0000000088e00000)
 Metaspace       used 24606K, capacity 24963K, committed 25088K, reserved 1071104K
  class space    used 2696K, capacity 2809K, committed 2816K, reserved 1048576K
Event: 44.275 GC heap after
Heap after GC invocations=9 (full 2):
 PSYoungGen      total 37376K, used 5119K [0x00000000d6900000, 0x00000000dae80000, 0x0000000100000000)
  eden space 32256K, 0% used [0x00000000d6900000,0x00000000d6900000,0x00000000d8880000)
  from space 5120K, 99% used [0x00000000d8900000,0x00000000d8dfffb0,0x00000000d8e00000)
  to   space 10240K, 0% used [0x00000000da480000,0x00000000da480000,0x00000000dae80000)
 ParOldGen       total 86016K, used 10141K [0x0000000083a00000, 0x0000000088e00000, 0x00000000d6900000)
  object space 86016K, 11% used [0x0000000083a00000,0x00000000843e7640,0x0000000088e00000)
 Metaspace       used 24606K, capacity 24963K, committed 25088K, reserved 1071104K
  class space    used 2696K, capacity 2809K, committed 2816K, reserved 1048576K
}
Event: 49.669 GC heap before
{Heap before GC invocations=10 (full 2):
 PSYoungGen      total 37376K, used 37375K [0x00000000d6900000, 0x00000000dae80000, 0x0000000100000000)
  eden space 32256K, 100% used [0x00000000d6900000,0x00000000d8880000,0x00000000d8880000)
  from space 5120K, 99% used [0x00000000d8900000,0x00000000d8dfffb0,0x00000000d8e00000)
  to   space 10240K, 0% used [0x00000000da480000,0x00000000da480000,0x00000000dae80000)
 ParOldGen       total 86016K, used 10141K [0x0000000083a00000, 0x0000000088e00000, 0x00000000d6900000)
  object space 86016K, 11% used [0x0000000083a00000,0x00000000843e7640,0x0000000088e00000)
 Metaspace       used 24779K, capacity 25127K, committed 25344K, reserved 1071104K
  class space    used 2705K, capacity 2815K, committed 2816K, reserved 1048576K
Event: 49.672 GC heap after
Heap after GC invocations=10 (full 2):
 PSYoungGen      total 38400K, used 6357K [0x00000000d6900000, 0x00000000dab00000, 0x0000000100000000)
  eden space 31744K, 0% used [0x00000000d6900000,0x00000000d6900000,0x00000000d8800000)
  from space 6656K, 95% used [0x00000000da480000,0x00000000daab5658,0x00000000dab00000)
  to   space 10240K, 0% used [0x00000000d9700000,0x00000000d9700000,0x00000000da100000)
 ParOldGen       total 86016K, used 10149K [0x0000000083a00000, 0x0000000088e00000, 0x00000000d6900000)
  object space 86016K, 11% used [0x0000000083a00000,0x00000000843e9640,0x0000000088e00000)
 Metaspace       used 24779K, capacity 25127K, committed 25344K, reserved 1071104K
  class space    used 2705K, capacity 2815K, committed 2816K, reserved 1048576K
}
Event: 61.488 GC heap before
{Heap before GC invocations=11 (full 2):
 PSYoungGen      total 38400K, used 38101K [0x00000000d6900000, 0x00000000dab00000, 0x0000000100000000)
  eden space 31744K, 100% used [0x00000000d6900000,0x00000000d8800000,0x00000000d8800000)
  from space 6656K, 95% used [0x00000000da480000,0x00000000daab5658,0x00000000dab00000)
  to   space 10240K, 0% used [0x00000000d9700000,0x00000000d9700000,0x00000000da100000)
 ParOldGen       total 86016K, used 10149K [0x0000000083a00000, 0x0000000088e00000, 0x00000000d6900000)
  object space 86016K, 11% used [0x0000000083a00000,0x00000000843e9640,0x0000000088e00000)
 Metaspace       used 24802K, capacity 25191K, committed 25344K, reserved 1071104K
  class space    used 2705K, capacity 2815K, committed 2816K, reserved 1048576K
Event: 61.493 GC heap after
Heap after GC invocations=11 (full 2):
 PSYoungGen      total 34304K, used 3011K [0x00000000d6900000, 0x00000000da500000, 0x0000000100000000)
  eden space 31232K, 0% used [0x00000000d6900000,0x00000000d6900000,0x00000000d8780000)
  from space 3072K, 98% used [0x00000000d9700000,0x00000000d99f0dc0,0x00000000d9a00000)
  to   space 10240K, 0% used [0x00000000d9b00000,0x00000000d9b00000,0x00000000da500000)
 ParOldGen       total 86016K, used 12961K [0x0000000083a00000, 0x0000000088e00000, 0x00000000d6900000)
  object space 86016K, 15% used [0x0000000083a00000,0x00000000846a8718,0x0000000088e00000)
 Metaspace       used 24802K, capacity 25191K, committed 25344K, reserved 1071104K
  class space    used 2705K, capacity 2815K, committed 2816K, reserved 1048576K
}
Event: 86.412 GC heap before
{Heap before GC invocations=12 (full 2):
 PSYoungGen      total 34304K, used 34243K [0x00000000d6900000, 0x00000000da500000, 0x0000000100000000)
  eden space 31232K, 100% used [0x00000000d6900000,0x00000000d8780000,0x00000000d8780000)
  from space 3072K, 98% used [0x00000000d9700000,0x00000000d99f0dc0,0x00000000d9a00000)
  to   space 10240K, 0% used [0x00000000d9b00000,0x00000000d9b00000,0x00000000da500000)
 ParOldGen       total 86016K, used 12961K [0x0000000083a00000, 0x0000000088e00000, 0x00000000d6900000)
  object space 86016K, 15% used [0x0000000083a00000,0x00000000846a8718,0x0000000088e00000)
 Metaspace       used 24808K, capacity 25191K, committed 25344K, reserved 1071104K
  class space    used 2706K, capacity 2815K, committed 2816K, reserved 1048576K
Event: 86.414 GC heap after
Heap after GC invocations=12 (full 2):
 PSYoungGen      total 31744K, used 823K [0x00000000d6900000, 0x00000000d9c00000, 0x0000000100000000)
  eden space 30720K, 0% used [0x00000000d6900000,0x00000000d6900000,0x00000000d8700000)
  from space 1024K, 80% used [0x00000000d9b00000,0x00000000d9bcdcd8,0x00000000d9c00000)
  to   space 10752K, 0% used [0x00000000d8700000,0x00000000d8700000,0x00000000d9180000)
 ParOldGen       total 86016K, used 15105K [0x0000000083a00000, 0x0000000088e00000, 0x00000000d6900000)
  object space 86016K, 17% used [0x0000000083a00000,0x00000000848c0518,0x0000000088e00000)
 Metaspace       used 24808K, capacity 25191K, committed 25344K, reserved 1071104K
  class space    used 2706K, capacity 2815K, committed 2816K, reserved 1048576K
}

