# JRE version: OpenJDK Runtime Environment (8.0_212-b04) (build 1.8.0_212-b04)
# Java VM: OpenJDK 64-Bit Server VM (25.212-b04 mixed mode windows-amd64 compressed oops)
Heap:
 PSYoungGen      total 109056K, used 71009K [0x00000000d6900000, 0x00000000ded00000, 0x0000000100000000)
  eden space 108544K, 65% used [0x00000000d6900000,0x00000000dae132d0,0x00000000dd300000)
  from space 512K, 54% used [0x00000000dd700000,0x00000000dd745460,0x00000000dd780000)
  to   space 13312K, 0% used [0x00000000de000000,0x00000000de000000,0x00000000ded00000)
 ParOldGen       total 86016K, used 27474K [0x0000000083a00000, 0x0000000088e00000, 0x00000000d6900000)
  object space 86016K, 31% used [0x0000000083a00000,0x00000000854d4a68,0x0000000088e00000)
 Metaspace       used 25207K, capacity 25629K, committed 25728K, reserved 1073152K
  class space    used 2742K, capacity 2854K, committed 2944K, reserved 1048576K
GC Heap History (10 events):
Event: 23.902 GC heap before
{Heap before GC invocations=11 (full 2):
 PSYoungGen      total 144384K, used 136379K [0x00000000d6900000, 0x00000000e0300000, 0x0000000100000000)
  eden space 131072K, 100% used [0x00000000d6900000,0x00000000de900000,0x00000000de900000)
  from space 13312K, 39% used [0x00000000df600000,0x00000000dfb2ec30,0x00000000e0300000)
  to   space 13312K, 0% used [0x00000000de900000,0x00000000de900000,0x00000000df600000)
 ParOldGen       total 86016K, used 22229K [0x0000000083a00000, 0x0000000088e00000, 0x00000000d6900000)
  object space 86016K, 25% used [0x0000000083a00000,0x0000000084fb57d8,0x0000000088e00000)
 Metaspace       used 25055K, capacity 25431K, committed 25728K, reserved 1073152K
  class space    used 2741K, capacity 2853K, committed 2944K, reserved 1048576K
Event: 23.909 GC heap after
Heap after GC invocations=11 (full 2):
 PSYoungGen      total 130048K, used 3655K [0x00000000d6900000, 0x00000000dfd00000, 0x0000000100000000)
  eden space 125952K, 0% used [0x00000000d6900000,0x00000000d6900000,0x00000000de400000)
  from space 4096K, 89% used [0x00000000de900000,0x00000000dec91fc0,0x00000000ded00000)
  to   space 12800K, 0% used [0x00000000df080000,0x00000000df080000,0x00000000dfd00000)
 ParOldGen       total 86016K, used 23968K [0x0000000083a00000, 0x0000000088e00000, 0x00000000d6900000)
  object space 86016K, 27% used [0x0000000083a00000,0x00000000851681f8,0x0000000088e00000)
 Metaspace       used 25055K, capacity 25431K, committed 25728K, reserved 1073152K
  class space    used 2741K, capacity 2853K, committed 2944K, reserved 1048576K
}
Event: 33.403 GC heap before
{Heap before GC invocations=12 (full 2):
 PSYoungGen      total 130048K, used 129607K [0x00000000d6900000, 0x00000000dfd00000, 0x0000000100000000)
  eden space 125952K, 100% used [0x00000000d6900000,0x00000000de400000,0x00000000de400000)
  from space 4096K, 89% used [0x00000000de900000,0x00000000dec91fc0,0x00000000ded00000)
  to   space 12800K, 0% used [0x00000000df080000,0x00000000df080000,0x00000000dfd00000)
 ParOldGen       total 86016K, used 23968K [0x0000000083a00000, 0x0000000088e00000, 0x00000000d6900000)
  object space 86016K, 27% used [0x0000000083a00000,0x00000000851681f8,0x0000000088e00000)
 Metaspace       used 25164K, capacity 25565K, committed 25728K, reserved 1073152K
  class space    used 2742K, capacity 2854K, committed 2944K, reserved 1048576K
Event: 33.408 GC heap after
Heap after GC invocations=12 (full 2):
 PSYoungGen      total 130560K, used 500K [0x00000000d6900000, 0x00000000df980000, 0x0000000100000000)
  eden space 121344K, 0% used [0x00000000d6900000,0x00000000d6900000,0x00000000ddf80000)
  from space 9216K, 5% used [0x00000000df080000,0x00000000df0fd398,0x00000000df980000)
  to   space 13312K, 0% used [0x00000000ddf80000,0x00000000ddf80000,0x00000000dec80000)
 ParOldGen       total 86016K, used 27103K [0x0000000083a00000, 0x0000000088e00000, 0x00000000d6900000)
  object space 86016K, 31% used [0x0000000083a00000,0x0000000085477d70,0x0000000088e00000)
 Metaspace       used 25164K, capacity 25565K, committed 25728K, reserved 1073152K
  class space    used 2742K, capacity 2854K, committed 2944K, reserved 1048576K
}
Event: 42.566 GC heap before
{Heap before GC invocations=13 (full 2):
 PSYoungGen      total 130560K, used 121844K [0x00000000d6900000, 0x00000000df980000, 0x0000000100000000)
  eden space 121344K, 100% used [0x00000000d6900000,0x00000000ddf80000,0x00000000ddf80000)
  from space 9216K, 5% used [0x00000000df080000,0x00000000df0fd398,0x00000000df980000)
  to   space 13312K, 0% used [0x00000000ddf80000,0x00000000ddf80000,0x00000000dec80000)
 ParOldGen       total 86016K, used 27103K [0x0000000083a00000, 0x0000000088e00000, 0x00000000d6900000)
  object space 86016K, 31% used [0x0000000083a00000,0x0000000085477d70,0x0000000088e00000)
 Metaspace       used 25187K, capacity 25565K, committed 25728K, reserved 1073152K
  class space    used 2742K, capacity 2854K, committed 2944K, reserved 1048576K
Event: 42.568 GC heap after
Heap after GC invocations=13 (full 2):
 PSYoungGen      total 117760K, used 516K [0x00000000d6900000, 0x00000000df500000, 0x0000000100000000)
  eden space 116736K, 0% used [0x00000000d6900000,0x00000000d6900000,0x00000000ddb00000)
  from space 1024K, 50% used [0x00000000ddf80000,0x00000000de0013f0,0x00000000de080000)
  to   space 13312K, 0% used [0x00000000de800000,0x00000000de800000,0x00000000df500000)
 ParOldGen       total 86016K, used 27370K [0x0000000083a00000, 0x0000000088e00000, 0x00000000d6900000)
  object space 86016K, 31% used [0x0000000083a00000,0x00000000854baa68,0x0000000088e00000)
 Metaspace       used 25187K, capacity 25565K, committed 25728K, reserved 1073152K
  class space    used 2742K, capacity 2854K, committed 2944K, reserved 1048576K
}
Event: 51.501 GC heap before
{Heap before GC invocations=14 (full 2):
 PSYoungGen      total 117760K, used 117252K [0x00000000d6900000, 0x00000000df500000, 0x0000000100000000)
  eden space 116736K, 100% used [0x00000000d6900000,0x00000000ddb00000,0x00000000ddb00000)
  from space 1024K, 50% used [0x00000000ddf80000,0x00000000de0013f0,0x00000000de080000)
  to   space 13312K, 0% used [0x00000000de800000,0x00000000de800000,0x00000000df500000)
 ParOldGen       total 86016K, used 27370K [0x0000000083a00000, 0x0000000088e00000, 0x00000000d6900000)
  object space 86016K, 31% used [0x0000000083a00000,0x00000000854baa68,0x0000000088e00000)
 Metaspace       used 25197K, capacity 25565K, committed 25728K, reserved 1073152K
  class space    used 2742K, capacity 2854K, committed 2944K, reserved 1048576K
Event: 51.504 GC heap after
Heap after GC invocations=14 (full 2):
 PSYoungGen      total 121856K, used 288K [0x00000000d6900000, 0x00000000df100000, 0x0000000100000000)
  eden space 112640K, 0% used [0x00000000d6900000,0x00000000d6900000,0x00000000dd700000)
  from space 9216K, 3% used [0x00000000de800000,0x00000000de848000,0x00000000df100000)
  to   space 13312K, 0% used [0x00000000dd700000,0x00000000dd700000,0x00000000de400000)
 ParOldGen       total 86016K, used 27434K [0x0000000083a00000, 0x0000000088e00000, 0x00000000d6900000)
  object space 86016K, 31% used [0x0000000083a00000,0x00000000854caa68,0x0000000088e00000)
 Metaspace       used 25197K, capacity 25565K, committed 25728K, reserved 1073152K
  class space    used 2742K, capacity 2854K, committed 2944K, reserved 1048576K
}
Event: 60.052 GC heap before
{Heap before GC invocations=15 (full 2):
 PSYoungGen      total 121856K, used 112928K [0x00000000d6900000, 0x00000000df100000, 0x0000000100000000)
  eden space 112640K, 100% used [0x00000000d6900000,0x00000000dd700000,0x00000000dd700000)
  from space 9216K, 3% used [0x00000000de800000,0x00000000de848000,0x00000000df100000)
  to   space 13312K, 0% used [0x00000000dd700000,0x00000000dd700000,0x00000000de400000)
 ParOldGen       total 86016K, used 27434K [0x0000000083a00000, 0x0000000088e00000, 0x00000000d6900000)
  object space 86016K, 31% used [0x0000000083a00000,0x00000000854caa68,0x0000000088e00000)
 Metaspace       used 25202K, capacity 25629K, committed 25728K, reserved 1073152K
  class space    used 2742K, capacity 2854K, committed 2944K, reserved 1048576K
Event: 60.054 GC heap after
Heap after GC invocations=15 (full 2):
 PSYoungGen      total 109056K, used 277K [0x00000000d6900000, 0x00000000ded00000, 0x0000000100000000)
  eden space 108544K, 0% used [0x00000000d6900000,0x00000000d6900000,0x00000000dd300000)
  from space 512K, 54% used [0x00000000dd700000,0x00000000dd745460,0x00000000dd780000)
  to   space 13312K, 0% used [0x00000000de000000,0x00000000de000000,0x00000000ded00000)
 ParOldGen       total 86016K, used 27474K [0x0000000083a00000, 0x0000000088e00000, 0x00000000d6900000)
  object space 86016K, 31% used [0x0000000083a00000,0x00000000854d4a68,0x0000000088e00000)
 Metaspace       used 25202K, capacity 25629K, committed 25728K, reserved 1073152K
  class space    used 2742K, capacity 2854K, committed 2944K, reserved 1048576K
}

